# JRE version: OpenJDK Runtime Environment (11.0.11+9) (build 11.0.11+9-b60-7590822)
# Java VM: OpenJDK 64-Bit Server VM (11.0.11+9-b60-7590822, mixed mode, tiered, compressed oops, g1 gc, windows-amd64)
Heap:
 garbage-first heap   total 262144K, used 218079K [0x0000000080000000, 0x0000000100000000)
  region size 1024K, 102 young (104448K), 6 survivors (6144K)
 Metaspace       used 110647K, capacity 114058K, committed 114340K, reserved 1148928K
  class space    used 14228K, capacity 15497K, committed 15576K, reserved 1048576K
GC Heap History (20 events):
Event: 7.510 GC heap before
{Heap before GC invocations=9 (full 0):
 garbage-first heap   total 262144K, used 201742K [0x0000000080000000, 0x0000000100000000)
  region size 1024K, 153 young (156672K), 13 survivors (13312K)
 Metaspace       used 56150K, capacity 57943K, committed 58112K, reserved 1099776K
  class space    used 7223K, capacity 7831K, committed 7936K, reserved 1048576K
}
Event: 7.520 GC heap after
{Heap after GC invocations=10 (full 0):
 garbage-first heap   total 262144K, used 70618K [0x0000000080000000, 0x0000000100000000)
  region size 1024K, 18 young (18432K), 18 survivors (18432K)
 Metaspace       used 56150K, capacity 57943K, committed 58112K, reserved 1099776K
  class space    used 7223K, capacity 7831K, committed 7936K, reserved 1048576K
}
Event: 9.026 GC heap before
{Heap before GC invocations=10 (full 0):
 garbage-first heap   total 262144K, used 202714K [0x0000000080000000, 0x0000000100000000)
  region size 1024K, 147 young (150528K), 18 survivors (18432K)
 Metaspace       used 71807K, capacity 73867K, committed 73984K, reserved 1114112K
  class space    used 9181K, capacity 9884K, committed 9984K, reserved 1048576K
}
Event: 9.039 GC heap after
{Heap after GC invocations=11 (full 0):
 garbage-first heap   total 262144K, used 78321K [0x0000000080000000, 0x0000000100000000)
  region size 1024K, 9 young (9216K), 9 survivors (9216K)
 Metaspace       used 71807K, capacity 73867K, committed 73984K, reserved 1114112K
  class space    used 9181K, capacity 9884K, committed 9984K, reserved 1048576K
}
Event: 9.545 GC heap before
{Heap before GC invocations=11 (full 0):
 garbage-first heap   total 262144K, used 146929K [0x0000000080000000, 0x0000000100000000)
  region size 1024K, 77 young (78848K), 9 survivors (9216K)
 Metaspace       used 75530K, capacity 77574K, committed 77656K, reserved 1116160K
  class space    used 9807K, capacity 10542K, committed 10584K, reserved 1048576K
}
Event: 9.557 GC heap after
{Heap after GC invocations=12 (full 0):
 garbage-first heap   total 262144K, used 82328K [0x0000000080000000, 0x0000000100000000)
  region size 1024K, 13 young (13312K), 13 survivors (13312K)
 Metaspace       used 75530K, capacity 77574K, committed 77656K, reserved 1116160K
  class space    used 9807K, capacity 10542K, committed 10584K, reserved 1048576K
}
Event: 11.092 GC heap before
{Heap before GC invocations=13 (full 0):
 garbage-first heap   total 262144K, used 217496K [0x0000000080000000, 0x0000000100000000)
  region size 1024K, 136 young (139264K), 13 survivors (13312K)
 Metaspace       used 85596K, capacity 87730K, committed 87844K, reserved 1126400K
  class space    used 11065K, capacity 11839K, committed 11864K, reserved 1048576K
}
Event: 11.102 GC heap after
{Heap after GC invocations=14 (full 0):
 garbage-first heap   total 262144K, used 102576K [0x0000000080000000, 0x0000000100000000)
  region size 1024K, 16 young (16384K), 16 survivors (16384K)
 Metaspace       used 85596K, capacity 87730K, committed 87844K, reserved 1126400K
  class space    used 11065K, capacity 11839K, committed 11864K, reserved 1048576K
}
Event: 12.260 GC heap before
{Heap before GC invocations=14 (full 0):
 garbage-first heap   total 262144K, used 209072K [0x0000000080000000, 0x0000000100000000)
  region size 1024K, 121 young (123904K), 16 survivors (16384K)
 Metaspace       used 95524K, capacity 98354K, committed 98596K, reserved 1134592K
  class space    used 12494K, capacity 13534K, committed 13656K, reserved 1048576K
}
Event: 12.271 GC heap after
{Heap after GC invocations=15 (full 0):
 garbage-first heap   total 262144K, used 109948K [0x0000000080000000, 0x0000000100000000)
  region size 1024K, 8 young (8192K), 8 survivors (8192K)
 Metaspace       used 95524K, capacity 98354K, committed 98596K, reserved 1134592K
  class space    used 12494K, capacity 13534K, committed 13656K, reserved 1048576K
}
Event: 14.383 GC heap before
{Heap before GC invocations=15 (full 0):
 garbage-first heap   total 262144K, used 211324K [0x0000000080000000, 0x0000000100000000)
  region size 1024K, 108 young (110592K), 8 survivors (8192K)
 Metaspace       used 103390K, capacity 106373K, committed 106404K, reserved 1140736K
  class space    used 13441K, capacity 14531K, committed 14552K, reserved 1048576K
}
Event: 14.393 GC heap after
{Heap after GC invocations=16 (full 0):
 garbage-first heap   total 262144K, used 115927K [0x0000000080000000, 0x0000000100000000)
  region size 1024K, 14 young (14336K), 14 survivors (14336K)
 Metaspace       used 103390K, capacity 106373K, committed 106404K, reserved 1140736K
  class space    used 13441K, capacity 14531K, committed 14552K, reserved 1048576K
}
Event: 17.106 GC heap before
{Heap before GC invocations=16 (full 0):
 garbage-first heap   total 262144K, used 212183K [0x0000000080000000, 0x0000000100000000)
  region size 1024K, 109 young (111616K), 14 survivors (14336K)
 Metaspace       used 104727K, capacity 107814K, committed 108068K, reserved 1142784K
  class space    used 13499K, capacity 14613K, committed 14680K, reserved 1048576K
}
Event: 17.113 GC heap after
{Heap after GC invocations=17 (full 0):
 garbage-first heap   total 262144K, used 119063K [0x0000000080000000, 0x0000000100000000)
  region size 1024K, 11 young (11264K), 11 survivors (11264K)
 Metaspace       used 104727K, capacity 107814K, committed 108068K, reserved 1142784K
  class space    used 13499K, capacity 14613K, committed 14680K, reserved 1048576K
}
Event: 22.514 GC heap before
{Heap before GC invocations=17 (full 0):
 garbage-first heap   total 262144K, used 214295K [0x0000000080000000, 0x0000000100000000)
  region size 1024K, 105 young (107520K), 11 survivors (11264K)
 Metaspace       used 104943K, capacity 108017K, committed 108324K, reserved 1142784K
  class space    used 13503K, capacity 14613K, committed 14680K, reserved 1048576K
}
Event: 22.519 GC heap after
{Heap after GC invocations=18 (full 0):
 garbage-first heap   total 262144K, used 119579K [0x0000000080000000, 0x0000000100000000)
  region size 1024K, 4 young (4096K), 4 survivors (4096K)
 Metaspace       used 104943K, capacity 108017K, committed 108324K, reserved 1142784K
  class space    used 13503K, capacity 14613K, committed 14680K, reserved 1048576K
}
Event: 29.060 GC heap before
{Heap before GC invocations=18 (full 0):
 garbage-first heap   total 262144K, used 218907K [0x0000000080000000, 0x0000000100000000)
  region size 1024K, 102 young (104448K), 4 survivors (4096K)
 Metaspace       used 108986K, capacity 112169K, committed 112292K, reserved 1146880K
  class space    used 14071K, capacity 15278K, committed 15320K, reserved 1048576K
}
Event: 29.065 GC heap after
{Heap after GC invocations=19 (full 0):
 garbage-first heap   total 262144K, used 120805K [0x0000000080000000, 0x0000000100000000)
  region size 1024K, 6 young (6144K), 6 survivors (6144K)
 Metaspace       used 108986K, capacity 112169K, committed 112292K, reserved 1146880K
  class space    used 14071K, capacity 15278K, committed 15320K, reserved 1048576K
}
Event: 41.833 GC heap before
{Heap before GC invocations=19 (full 0):
 garbage-first heap   total 262144K, used 221157K [0x0000000080000000, 0x0000000100000000)
  region size 1024K, 104 young (106496K), 6 survivors (6144K)
 Metaspace       used 109491K, capacity 112688K, committed 112932K, reserved 1146880K
  class space    used 14085K, capacity 15316K, committed 15448K, reserved 1048576K
}
Event: 41.836 GC heap after
{Heap after GC invocations=20 (full 0):
 garbage-first heap   total 262144K, used 120799K [0x0000000080000000, 0x0000000100000000)
  region size 1024K, 6 young (6144K), 6 survivors (6144K)
 Metaspace       used 109491K, capacity 112688K, committed 112932K, reserved 1146880K
  class space    used 14085K, capacity 15316K, committed 15448K, reserved 1048576K
}

