# JRE version: OpenJDK Runtime Environment (11.0.11+9) (build 11.0.11+9-b60-7590822)
# Java VM: OpenJDK 64-Bit Server VM (11.0.11+9-b60-7590822, mixed mode, tiered, compressed oops, g1 gc, windows-amd64)
Heap:
 garbage-first heap   total 315392K, used 158453K [0x0000000080000000, 0x0000000100000000)
  region size 1024K, 2 young (2048K), 2 survivors (2048K)
 Metaspace       used 123215K, capacity 126338K, committed 126592K, reserved 1159168K
  class space    used 15615K, capacity 16798K, committed 16896K, reserved 1048576K
GC Heap History (20 events):
Event: 50.029 GC heap after
{Heap after GC invocations=27 (full 0):
 garbage-first heap   total 262144K, used 143529K [0x0000000080000000, 0x0000000100000000)
  region size 1024K, 11 young (11264K), 11 survivors (11264K)
 Metaspace       used 116550K, capacity 119270K, committed 119424K, reserved 1153024K
  class space    used 14574K, capacity 15592K, committed 15616K, reserved 1048576K
}
Event: 50.152 GC heap before
{Heap before GC invocations=27 (full 0):
 garbage-first heap   total 262144K, used 205993K [0x0000000080000000, 0x0000000100000000)
  region size 1024K, 73 young (74752K), 11 survivors (11264K)
 Metaspace       used 117872K, capacity 120787K, committed 121088K, reserved 1155072K
  class space    used 14822K, capacity 15936K, committed 16000K, reserved 1048576K
}
Event: 50.173 GC heap after
{Heap after GC invocations=28 (full 0):
 garbage-first heap   total 262144K, used 155382K [0x0000000080000000, 0x0000000100000000)
  region size 1024K, 10 young (10240K), 10 survivors (10240K)
 Metaspace       used 117872K, capacity 120787K, committed 121088K, reserved 1155072K
  class space    used 14822K, capacity 15936K, committed 16000K, reserved 1048576K
}
Event: 50.310 GC heap before
{Heap before GC invocations=28 (full 0):
 garbage-first heap   total 262144K, used 202486K [0x0000000080000000, 0x0000000100000000)
  region size 1024K, 65 young (66560K), 10 survivors (10240K)
 Metaspace       used 118887K, capacity 121763K, committed 122112K, reserved 1155072K
  class space    used 15020K, capacity 16139K, committed 16256K, reserved 1048576K
}
Event: 50.322 GC heap after
{Heap after GC invocations=29 (full 0):
 garbage-first heap   total 262144K, used 155885K [0x0000000080000000, 0x0000000100000000)
  region size 1024K, 9 young (9216K), 9 survivors (9216K)
 Metaspace       used 118887K, capacity 121763K, committed 122112K, reserved 1155072K
  class space    used 15020K, capacity 16139K, committed 16256K, reserved 1048576K
}
Event: 50.520 GC heap before
{Heap before GC invocations=30 (full 0):
 garbage-first heap   total 262144K, used 211181K [0x0000000080000000, 0x0000000100000000)
  region size 1024K, 63 young (64512K), 9 survivors (9216K)
 Metaspace       used 121002K, capacity 124040K, committed 124288K, reserved 1157120K
  class space    used 15413K, capacity 16580K, committed 16640K, reserved 1048576K
}
Event: 50.531 GC heap after
{Heap after GC invocations=31 (full 0):
 garbage-first heap   total 262144K, used 162356K [0x0000000080000000, 0x0000000100000000)
  region size 1024K, 7 young (7168K), 7 survivors (7168K)
 Metaspace       used 121002K, capacity 124040K, committed 124288K, reserved 1157120K
  class space    used 15413K, capacity 16580K, committed 16640K, reserved 1048576K
}
Event: 50.544 GC heap before
{Heap before GC invocations=31 (full 0):
 garbage-first heap   total 262144K, used 167476K [0x0000000080000000, 0x0000000100000000)
  region size 1024K, 12 young (12288K), 7 survivors (7168K)
 Metaspace       used 121051K, capacity 124110K, committed 124288K, reserved 1157120K
  class space    used 15414K, capacity 16581K, committed 16640K, reserved 1048576K
}
Event: 50.550 GC heap after
{Heap after GC invocations=32 (full 0):
 garbage-first heap   total 262144K, used 156134K [0x0000000080000000, 0x0000000100000000)
  region size 1024K, 2 young (2048K), 2 survivors (2048K)
 Metaspace       used 121051K, capacity 124110K, committed 124288K, reserved 1157120K
  class space    used 15414K, capacity 16581K, committed 16640K, reserved 1048576K
}
Event: 50.642 GC heap before
{Heap before GC invocations=32 (full 0):
 garbage-first heap   total 262144K, used 210406K [0x0000000080000000, 0x0000000100000000)
  region size 1024K, 56 young (57344K), 2 survivors (2048K)
 Metaspace       used 121859K, capacity 125007K, committed 125184K, reserved 1157120K
  class space    used 15518K, capacity 16707K, committed 16768K, reserved 1048576K
}
Event: 50.646 GC heap after
{Heap after GC invocations=33 (full 0):
 garbage-first heap   total 262144K, used 156757K [0x0000000080000000, 0x0000000100000000)
  region size 1024K, 2 young (2048K), 2 survivors (2048K)
 Metaspace       used 121859K, capacity 125007K, committed 125184K, reserved 1157120K
  class space    used 15518K, capacity 16707K, committed 16768K, reserved 1048576K
}
Event: 50.767 GC heap before
{Heap before GC invocations=33 (full 0):
 garbage-first heap   total 262144K, used 215125K [0x0000000080000000, 0x0000000100000000)
  region size 1024K, 59 young (60416K), 2 survivors (2048K)
 Metaspace       used 122483K, capacity 125725K, committed 125824K, reserved 1159168K
  class space    used 15596K, capacity 16817K, committed 16896K, reserved 1048576K
}
Event: 50.770 GC heap after
{Heap after GC invocations=34 (full 0):
 garbage-first heap   total 262144K, used 157362K [0x0000000080000000, 0x0000000100000000)
  region size 1024K, 3 young (3072K), 3 survivors (3072K)
 Metaspace       used 122483K, capacity 125725K, committed 125824K, reserved 1159168K
  class space    used 15596K, capacity 16817K, committed 16896K, reserved 1048576K
}
Event: 50.900 GC heap before
{Heap before GC invocations=35 (full 0):
 garbage-first heap   total 262144K, used 215730K [0x0000000080000000, 0x0000000100000000)
  region size 1024K, 61 young (62464K), 3 survivors (3072K)
 Metaspace       used 122800K, capacity 125896K, committed 126336K, reserved 1159168K
  class space    used 15569K, capacity 16737K, committed 16896K, reserved 1048576K
}
Event: 50.904 GC heap after
{Heap after GC invocations=36 (full 0):
 garbage-first heap   total 262144K, used 159365K [0x0000000080000000, 0x0000000100000000)
  region size 1024K, 5 young (5120K), 5 survivors (5120K)
 Metaspace       used 122800K, capacity 125896K, committed 126336K, reserved 1159168K
  class space    used 15569K, capacity 16737K, committed 16896K, reserved 1048576K
}
Event: 50.914 GC heap before
{Heap before GC invocations=36 (full 0):
 garbage-first heap   total 262144K, used 166533K [0x0000000080000000, 0x0000000100000000)
  region size 1024K, 12 young (12288K), 5 survivors (5120K)
 Metaspace       used 122869K, capacity 125953K, committed 126336K, reserved 1159168K
  class space    used 15583K, capacity 16756K, committed 16896K, reserved 1048576K
}
Event: 50.919 GC heap after
{Heap after GC invocations=37 (full 0):
 garbage-first heap   total 262144K, used 157659K [0x0000000080000000, 0x0000000100000000)
  region size 1024K, 1 young (1024K), 1 survivors (1024K)
 Metaspace       used 122869K, capacity 125953K, committed 126336K, reserved 1159168K
  class space    used 15583K, capacity 16756K, committed 16896K, reserved 1048576K
}
Event: 51.006 GC heap before
{Heap before GC invocations=37 (full 0):
 garbage-first heap   total 262144K, used 219099K [0x0000000080000000, 0x0000000100000000)
  region size 1024K, 61 young (62464K), 1 survivors (1024K)
 Metaspace       used 123102K, capacity 126197K, committed 126592K, reserved 1159168K
  class space    used 15613K, capacity 16794K, committed 16896K, reserved 1048576K
}
Event: 51.010 GC heap after
{Heap after GC invocations=38 (full 0):
 garbage-first heap   total 262144K, used 158060K [0x0000000080000000, 0x0000000100000000)
  region size 1024K, 2 young (2048K), 2 survivors (2048K)
 Metaspace       used 123102K, capacity 126197K, committed 126592K, reserved 1159168K
  class space    used 15613K, capacity 16794K, committed 16896K, reserved 1048576K
}
Event: 51.119 GC heap before
{Heap before GC invocations=38 (full 0):
 garbage-first heap   total 262144K, used 219500K [0x0000000080000000, 0x0000000100000000)
  region size 1024K, 63 young (64512K), 2 survivors (2048K)
 Metaspace       used 123215K, capacity 126338K, committed 126592K, reserved 1159168K
  class space    used 15615K, capacity 16798K, committed 16896K, reserved 1048576K
}

